<?xml version="1.0" encoding="UTF-8"?>
<!-- Generated by org.testng.reporters.JUnitReportReporter -->
<testsuite hostname="Mouris-MacBook-Air.local" failures="0" tests="2" name="seleniumFirstClass.TestNG_Examples" time="0.003" errors="0" timestamp="2024-12-06T02:47:47 BDT" skipped="0">
  <testcase classname="seleniumFirstClass.TestNG_Examples" name="test_1" time="0.002"/>
  <testcase classname="seleniumFirstClass.TestNG_Examples" name="test_2" time="0.001"/>
</testsuite> <!-- seleniumFirstClass.TestNG_Examples -->
